# JRE version: OpenJDK Runtime Environment (8.0_112-b06) (build 1.8.0_112-release-b06)
# Java VM: OpenJDK 64-Bit Server VM (25.112-b06 mixed mode linux-amd64 compressed oops)
Heap:
 PSYoungGen      total 142336K, used 16878K [0x000000076ab00000, 0x0000000774800000, 0x00000007c0000000)
  eden space 125440K, 0% used [0x000000076ab00000,0x000000076ab00000,0x0000000772580000)
  from space 16896K, 99% used [0x0000000772580000,0x00000007735fb820,0x0000000773600000)
  to   space 15360K, 0% used [0x0000000773600000,0x0000000773600000,0x0000000774500000)
 ParOldGen       total 84992K, used 35567K [0x00000006c0000000, 0x00000006c5300000, 0x000000076ab00000)
  object space 84992K, 41% used [0x00000006c0000000,0x00000006c22bbf08,0x00000006c5300000)
 Metaspace       used 6204K, capacity 7152K, committed 7296K, reserved 1056768K
  class space    used 585K, capacity 616K, committed 640K, reserved 1048576K
GC Heap History (10 events):
Event: 11,578 GC heap after
Heap after GC invocations=2 (full 0):
 PSYoungGen      total 36864K, used 5091K [0x000000076ab00000, 0x000000076f300000, 0x00000007c0000000)
  eden space 31744K, 0% used [0x000000076ab00000,0x000000076ab00000,0x000000076ca00000)
  from space 5120K, 99% used [0x000000076cf00000,0x000000076d3f8c98,0x000000076d400000)
  to   space 5120K, 0% used [0x000000076ca00000,0x000000076ca00000,0x000000076cf00000)
 ParOldGen       total 84992K, used 5076K [0x00000006c0000000, 0x00000006c5300000, 0x000000076ab00000)
  object space 84992K, 5% used [0x00000006c0000000,0x00000006c04f51e8,0x00000006c5300000)
 Metaspace       used 5642K, capacity 6832K, committed 7040K, reserved 1056768K
  class space    used 561K, capacity 616K, committed 640K, reserved 1048576K
}
Event: 13,400 GC heap before
{Heap before GC invocations=3 (full 0):
 PSYoungGen      total 36864K, used 36835K [0x000000076ab00000, 0x000000076f300000, 0x00000007c0000000)
  eden space 31744K, 100% used [0x000000076ab00000,0x000000076ca00000,0x000000076ca00000)
  from space 5120K, 99% used [0x000000076cf00000,0x000000076d3f8c98,0x000000076d400000)
  to   space 5120K, 0% used [0x000000076ca00000,0x000000076ca00000,0x000000076cf00000)
 ParOldGen       total 84992K, used 5076K [0x00000006c0000000, 0x00000006c5300000, 0x000000076ab00000)
  object space 84992K, 5% used [0x00000006c0000000,0x00000006c04f51e8,0x00000006c5300000)
 Metaspace       used 5731K, capacity 6896K, committed 7040K, reserved 1056768K
  class space    used 561K, capacity 616K, committed 640K, reserved 1048576K
Event: 13,579 GC heap after
Heap after GC invocations=3 (full 0):
 PSYoungGen      total 36864K, used 5116K [0x000000076ab00000, 0x000000076f300000, 0x00000007c0000000)
  eden space 31744K, 0% used [0x000000076ab00000,0x000000076ab00000,0x000000076ca00000)
  from space 5120K, 99% used [0x000000076ca00000,0x000000076ceff1c0,0x000000076cf00000)
  to   space 5120K, 0% used [0x000000076ee00000,0x000000076ee00000,0x000000076f300000)
 ParOldGen       total 84992K, used 8836K [0x00000006c0000000, 0x00000006c5300000, 0x000000076ab00000)
  object space 84992K, 10% used [0x00000006c0000000,0x00000006c08a1030,0x00000006c5300000)
 Metaspace       used 5731K, capacity 6896K, committed 7040K, reserved 1056768K
  class space    used 561K, capacity 616K, committed 640K, reserved 1048576K
}
Event: 14,470 GC heap before
{Heap before GC invocations=4 (full 0):
 PSYoungGen      total 36864K, used 36860K [0x000000076ab00000, 0x000000076f300000, 0x00000007c0000000)
  eden space 31744K, 100% used [0x000000076ab00000,0x000000076ca00000,0x000000076ca00000)
  from space 5120K, 99% used [0x000000076ca00000,0x000000076ceff1c0,0x000000076cf00000)
  to   space 5120K, 0% used [0x000000076ee00000,0x000000076ee00000,0x000000076f300000)
 ParOldGen       total 84992K, used 8836K [0x00000006c0000000, 0x00000006c5300000, 0x000000076ab00000)
  object space 84992K, 10% used [0x00000006c0000000,0x00000006c08a1030,0x00000006c5300000)
 Metaspace       used 5739K, capacity 6896K, committed 7040K, reserved 1056768K
  class space    used 561K, capacity 616K, committed 640K, reserved 1048576K
Event: 14,591 GC heap after
Heap after GC invocations=4 (full 0):
 PSYoungGen      total 68608K, used 5094K [0x000000076ab00000, 0x000000076f300000, 0x00000007c0000000)
  eden space 63488K, 0% used [0x000000076ab00000,0x000000076ab00000,0x000000076e900000)
  from space 5120K, 99% used [0x000000076ee00000,0x000000076f2f98f0,0x000000076f300000)
  to   space 5120K, 0% used [0x000000076e900000,0x000000076e900000,0x000000076ee00000)
 ParOldGen       total 84992K, used 13886K [0x00000006c0000000, 0x00000006c5300000, 0x000000076ab00000)
  object space 84992K, 16% used [0x00000006c0000000,0x00000006c0d8f810,0x00000006c5300000)
 Metaspace       used 5739K, capacity 6896K, committed 7040K, reserved 1056768K
  class space    used 561K, capacity 616K, committed 640K, reserved 1048576K
}
Event: 16,360 GC heap before
{Heap before GC invocations=5 (full 0):
 PSYoungGen      total 68608K, used 68582K [0x000000076ab00000, 0x000000076f300000, 0x00000007c0000000)
  eden space 63488K, 100% used [0x000000076ab00000,0x000000076e900000,0x000000076e900000)
  from space 5120K, 99% used [0x000000076ee00000,0x000000076f2f98f0,0x000000076f300000)
  to   space 5120K, 0% used [0x000000076e900000,0x000000076e900000,0x000000076ee00000)
 ParOldGen       total 84992K, used 13886K [0x00000006c0000000, 0x00000006c5300000, 0x000000076ab00000)
  object space 84992K, 16% used [0x00000006c0000000,0x00000006c0d8f810,0x00000006c5300000)
 Metaspace       used 5774K, capacity 6960K, committed 7040K, reserved 1056768K
  class space    used 561K, capacity 616K, committed 640K, reserved 1048576K
Event: 16,662 GC heap after
Heap after GC invocations=5 (full 0):
 PSYoungGen      total 68608K, used 5091K [0x000000076ab00000, 0x0000000774500000, 0x00000007c0000000)
  eden space 63488K, 0% used [0x000000076ab00000,0x000000076ab00000,0x000000076e900000)
  from space 5120K, 99% used [0x000000076e900000,0x000000076edf8e48,0x000000076ee00000)
  to   space 15360K, 0% used [0x0000000773600000,0x0000000773600000,0x0000000774500000)
 ParOldGen       total 84992K, used 23301K [0x00000006c0000000, 0x00000006c5300000, 0x000000076ab00000)
  object space 84992K, 27% used [0x00000006c0000000,0x00000006c16c1408,0x00000006c5300000)
 Metaspace       used 5774K, capacity 6960K, committed 7040K, reserved 1056768K
  class space    used 561K, capacity 616K, committed 640K, reserved 1048576K
}
Event: 20,067 GC heap before
{Heap before GC invocations=6 (full 0):
 PSYoungGen      total 68608K, used 68579K [0x000000076ab00000, 0x0000000774500000, 0x00000007c0000000)
  eden space 63488K, 100% used [0x000000076ab00000,0x000000076e900000,0x000000076e900000)
  from space 5120K, 99% used [0x000000076e900000,0x000000076edf8e48,0x000000076ee00000)
  to   space 15360K, 0% used [0x0000000773600000,0x0000000773600000,0x0000000774500000)
 ParOldGen       total 84992K, used 23301K [0x00000006c0000000, 0x00000006c5300000, 0x000000076ab00000)
  object space 84992K, 27% used [0x00000006c0000000,0x00000006c16c1408,0x00000006c5300000)
 Metaspace       used 5935K, capacity 7024K, committed 7296K, reserved 1056768K
  class space    used 579K, capacity 616K, committed 640K, reserved 1048576K
Event: 20,335 GC heap after
Heap after GC invocations=6 (full 0):
 PSYoungGen      total 140800K, used 14010K [0x000000076ab00000, 0x0000000774800000, 0x00000007c0000000)
  eden space 125440K, 0% used [0x000000076ab00000,0x000000076ab00000,0x0000000772580000)
  from space 15360K, 91% used [0x0000000773600000,0x00000007743aea88,0x0000000774500000)
  to   space 16896K, 0% used [0x0000000772580000,0x0000000772580000,0x0000000773600000)
 ParOldGen       total 84992K, used 23309K [0x00000006c0000000, 0x00000006c5300000, 0x000000076ab00000)
  object space 84992K, 27% used [0x00000006c0000000,0x00000006c16c3408,0x00000006c5300000)
 Metaspace       used 5935K, capacity 7024K, committed 7296K, reserved 1056768K
  class space    used 579K, capacity 616K, committed 640K, reserved 1048576K
}
Event: 27,877 GC heap before
{Heap before GC invocations=7 (full 0):
 PSYoungGen      total 140800K, used 139450K [0x000000076ab00000, 0x0000000774800000, 0x00000007c0000000)
  eden space 125440K, 100% used [0x000000076ab00000,0x0000000772580000,0x0000000772580000)
  from space 15360K, 91% used [0x0000000773600000,0x00000007743aea88,0x0000000774500000)
  to   space 16896K, 0% used [0x0000000772580000,0x0000000772580000,0x0000000773600000)
 ParOldGen       total 84992K, used 23309K [0x00000006c0000000, 0x00000006c5300000, 0x000000076ab00000)
  object space 84992K, 27% used [0x00000006c0000000,0x00000006c16c3408,0x00000006c5300000)
 Metaspace       used 6204K, capacity 7152K, committed 7296K, reserved 1056768K
  class space    used 585K, capacity 616K, committed 640K, reserved 1048576K

