# JRE version: OpenJDK Runtime Environment (8.0_112-b06) (build 1.8.0_112-release-b06)
# Java VM: OpenJDK 64-Bit Server VM (25.112-b06 mixed mode linux-amd64 compressed oops)
Heap:
 PSYoungGen      total 330240K, used 111087K [0x000000076ab00000, 0x0000000786200000, 0x00000007c0000000)
  eden space 219136K, 0% used [0x000000076ab00000,0x000000076ab00000,0x0000000778100000)
  from space 111104K, 99% used [0x000000077f580000,0x00000007861fbf88,0x0000000786200000)
  to   space 86016K, 0% used [0x0000000778100000,0x0000000778100000,0x000000077d500000)
 ParOldGen       total 220160K, used 129220K [0x00000006c0000000, 0x00000006cd700000, 0x000000076ab00000)
  object space 220160K, 58% used [0x00000006c0000000,0x00000006c7e31078,0x00000006cd700000)
 Metaspace       used 6349K, capacity 7152K, committed 7296K, reserved 1056768K
  class space    used 590K, capacity 616K, committed 640K, reserved 1048576K
GC Heap History (10 events):
Event: 13,304 GC heap after
Heap after GC invocations=4 (full 0):
 PSYoungGen      total 132096K, used 5088K [0x000000076ab00000, 0x0000000773100000, 0x00000007c0000000)
  eden space 126976K, 0% used [0x000000076ab00000,0x000000076ab00000,0x0000000772700000)
  from space 5120K, 99% used [0x0000000772c00000,0x00000007730f8048,0x0000000773100000)
  to   space 5120K, 0% used [0x0000000772700000,0x0000000772700000,0x0000000772c00000)
 ParOldGen       total 84992K, used 35070K [0x00000006c0000000, 0x00000006c5300000, 0x000000076ab00000)
  object space 84992K, 41% used [0x00000006c0000000,0x00000006c223fb38,0x00000006c5300000)
 Metaspace       used 6177K, capacity 7088K, committed 7296K, reserved 1056768K
  class space    used 589K, capacity 616K, committed 640K, reserved 1048576K
}
Event: 15,630 GC heap before
{Heap before GC invocations=5 (full 0):
 PSYoungGen      total 132096K, used 132064K [0x000000076ab00000, 0x0000000773100000, 0x00000007c0000000)
  eden space 126976K, 100% used [0x000000076ab00000,0x0000000772700000,0x0000000772700000)
  from space 5120K, 99% used [0x0000000772c00000,0x00000007730f8048,0x0000000773100000)
  to   space 5120K, 0% used [0x0000000772700000,0x0000000772700000,0x0000000772c00000)
 ParOldGen       total 84992K, used 35070K [0x00000006c0000000, 0x00000006c5300000, 0x000000076ab00000)
  object space 84992K, 41% used [0x00000006c0000000,0x00000006c223fb38,0x00000006c5300000)
 Metaspace       used 6246K, capacity 7088K, committed 7296K, reserved 1056768K
  class space    used 589K, capacity 616K, committed 640K, reserved 1048576K
Event: 15,939 GC heap after
Heap after GC invocations=5 (full 0):
 PSYoungGen      total 132096K, used 5095K [0x000000076ab00000, 0x0000000782900000, 0x00000007c0000000)
  eden space 126976K, 0% used [0x000000076ab00000,0x000000076ab00000,0x0000000772700000)
  from space 5120K, 99% used [0x0000000772700000,0x0000000772bf9e18,0x0000000772c00000)
  to   space 68608K, 0% used [0x000000077e600000,0x000000077e600000,0x0000000782900000)
 ParOldGen       total 107008K, used 106106K [0x00000006c0000000, 0x00000006c6880000, 0x000000076ab00000)
  object space 107008K, 99% used [0x00000006c0000000,0x00000006c679e970,0x00000006c6880000)
 Metaspace       used 6246K, capacity 7088K, committed 7296K, reserved 1056768K
  class space    used 589K, capacity 616K, committed 640K, reserved 1048576K
}
Event: 15,939 GC heap before
{Heap before GC invocations=6 (full 1):
 PSYoungGen      total 132096K, used 5095K [0x000000076ab00000, 0x0000000782900000, 0x00000007c0000000)
  eden space 126976K, 0% used [0x000000076ab00000,0x000000076ab00000,0x0000000772700000)
  from space 5120K, 99% used [0x0000000772700000,0x0000000772bf9e18,0x0000000772c00000)
  to   space 68608K, 0% used [0x000000077e600000,0x000000077e600000,0x0000000782900000)
 ParOldGen       total 107008K, used 106106K [0x00000006c0000000, 0x00000006c6880000, 0x000000076ab00000)
  object space 107008K, 99% used [0x00000006c0000000,0x00000006c679e970,0x00000006c6880000)
 Metaspace       used 6246K, capacity 7088K, committed 7296K, reserved 1056768K
  class space    used 589K, capacity 616K, committed 640K, reserved 1048576K
Event: 19,423 GC heap after
Heap after GC invocations=6 (full 1):
 PSYoungGen      total 132096K, used 0K [0x000000076ab00000, 0x0000000782900000, 0x00000007c0000000)
  eden space 126976K, 0% used [0x000000076ab00000,0x000000076ab00000,0x0000000772700000)
  from space 5120K, 0% used [0x0000000772700000,0x0000000772700000,0x0000000772c00000)
  to   space 68608K, 0% used [0x000000077e600000,0x000000077e600000,0x0000000782900000)
 ParOldGen       total 220160K, used 102561K [0x00000006c0000000, 0x00000006cd700000, 0x000000076ab00000)
  object space 220160K, 46% used [0x00000006c0000000,0x00000006c64287e0,0x00000006cd700000)
 Metaspace       used 6246K, capacity 7088K, committed 7296K, reserved 1056768K
  class space    used 589K, capacity 616K, committed 640K, reserved 1048576K
}
Event: 20,342 GC heap before
{Heap before GC invocations=7 (full 1):
 PSYoungGen      total 132096K, used 126976K [0x000000076ab00000, 0x0000000782900000, 0x00000007c0000000)
  eden space 126976K, 100% used [0x000000076ab00000,0x0000000772700000,0x0000000772700000)
  from space 5120K, 0% used [0x0000000772700000,0x0000000772700000,0x0000000772c00000)
  to   space 68608K, 0% used [0x000000077e600000,0x000000077e600000,0x0000000782900000)
 ParOldGen       total 220160K, used 102561K [0x00000006c0000000, 0x00000006cd700000, 0x000000076ab00000)
  object space 220160K, 46% used [0x00000006c0000000,0x00000006c64287e0,0x00000006cd700000)
 Metaspace       used 6259K, capacity 7088K, committed 7296K, reserved 1056768K
  class space    used 590K, capacity 616K, committed 640K, reserved 1048576K
Event: 20,809 GC heap after
Heap after GC invocations=7 (full 1):
 PSYoungGen      total 235520K, used 68596K [0x000000076ab00000, 0x0000000782900000, 0x00000007c0000000)
  eden space 166912K, 0% used [0x000000076ab00000,0x000000076ab00000,0x0000000774e00000)
  from space 68608K, 99% used [0x000000077e600000,0x00000007828fd050,0x0000000782900000)
  to   space 86016K, 0% used [0x0000000778100000,0x0000000778100000,0x000000077d500000)
 ParOldGen       total 220160K, used 102836K [0x00000006c0000000, 0x00000006cd700000, 0x000000076ab00000)
  object space 220160K, 46% used [0x00000006c0000000,0x00000006c646d1d0,0x00000006cd700000)
 Metaspace       used 6259K, capacity 7088K, committed 7296K, reserved 1056768K
  class space    used 590K, capacity 616K, committed 640K, reserved 1048576K
}
Event: 23,853 GC heap before
{Heap before GC invocations=8 (full 1):
 PSYoungGen      total 235520K, used 235508K [0x000000076ab00000, 0x0000000782900000, 0x00000007c0000000)
  eden space 166912K, 100% used [0x000000076ab00000,0x0000000774e00000,0x0000000774e00000)
  from space 68608K, 99% used [0x000000077e600000,0x00000007828fd050,0x0000000782900000)
  to   space 86016K, 0% used [0x0000000778100000,0x0000000778100000,0x000000077d500000)
 ParOldGen       total 220160K, used 102836K [0x00000006c0000000, 0x00000006cd700000, 0x000000076ab00000)
  object space 220160K, 46% used [0x00000006c0000000,0x00000006c646d1d0,0x00000006cd700000)
 Metaspace       used 6312K, capacity 7152K, committed 7296K, reserved 1056768K
  class space    used 590K, capacity 616K, committed 640K, reserved 1048576K
Event: 24,449 GC heap after
Heap after GC invocations=8 (full 1):
 PSYoungGen      total 305152K, used 86014K [0x000000076ab00000, 0x0000000786200000, 0x00000007c0000000)
  eden space 219136K, 0% used [0x000000076ab00000,0x000000076ab00000,0x0000000778100000)
  from space 86016K, 99% used [0x0000000778100000,0x000000077d4ffa58,0x000000077d500000)
  to   space 111104K, 0% used [0x000000077f580000,0x000000077f580000,0x0000000786200000)
 ParOldGen       total 220160K, used 115148K [0x00000006c0000000, 0x00000006cd700000, 0x000000076ab00000)
  object space 220160K, 52% used [0x00000006c0000000,0x00000006c7073060,0x00000006cd700000)
 Metaspace       used 6312K, capacity 7152K, committed 7296K, reserved 1056768K
  class space    used 590K, capacity 616K, committed 640K, reserved 1048576K
}
Event: 32,361 GC heap before
{Heap before GC invocations=9 (full 1):
 PSYoungGen      total 305152K, used 305150K [0x000000076ab00000, 0x0000000786200000, 0x00000007c0000000)
  eden space 219136K, 100% used [0x000000076ab00000,0x0000000778100000,0x0000000778100000)
  from space 86016K, 99% used [0x0000000778100000,0x000000077d4ffa58,0x000000077d500000)
  to   space 111104K, 0% used [0x000000077f580000,0x000000077f580000,0x0000000786200000)
 ParOldGen       total 220160K, used 115148K [0x00000006c0000000, 0x00000006cd700000, 0x000000076ab00000)
  object space 220160K, 52% used [0x00000006c0000000,0x00000006c7073060,0x00000006cd700000)
 Metaspace       used 6349K, capacity 7152K, committed 7296K, reserved 1056768K
  class space    used 590K, capacity 616K, committed 640K, reserved 1048576K

